<?xml version="1.0" encoding="UTF-8"?>
<!-- Generated by org.testng.reporters.JUnitReportReporter -->
<testsuite hostname="madhavboya-macbook-pro" failures="0" tests="3" name="com.restassured.runner.TestRunner" time="4.681" errors="0" timestamp="2021-06-24T11:11:42 IST" skipped="0">
  <testcase classname="com.restassured.runner.TestRunner" name="runScenario" time="0.687"/>
  <system-out/>
  <testcase classname="com.restassured.runner.TestRunner" name="runScenario" time="0.617"/>
  <system-out/>
  <testcase classname="com.restassured.runner.TestRunner" name="runScenario" time="3.377"/>
  <system-out/>
</testsuite> <!-- com.restassured.runner.TestRunner -->
